1746709516716:chat can you list all my directoties an files inside test-foder?
1746709527304:chat sorry, test-folder yes
1746709535595:chat yes
1746709543051:chat ues
1746709553549:chat can you create a new directory?
1746709557323:chat bananas
1746709566836:yes
1746709569004:chat yet
1746709580767:chat /Users/pedro.silva/Downloads/test-folder/bananas
1746788884121:chat hello
1746788901805:chat can you tell me the name of my favorite person?
1747735514008:chat hello!
1747735522157:chat whats my favorite person?
1747818014290:chat hello!
1747825519013:chat hello
1747825835638:chat do you know a dog named Oliver Costa?
1747826485576:chat hello
1747827525498:chat do you know any dog named Oliver Costa e Silva?
1747834730709:chat falas portugês?
1747834759421:chat conheces algum cão?
1747834766652:chat onde é que ele vive?
1747834778351:chat o que é qye sabes mais sobre ele?
